2025-07-22 15:48:17,159 [INFO] Activator:176 - 


2025-07-22 15:48:17,167 [INFO] Activator:177 - !SESSION log4j initialized
2025-07-22 15:48:21,601 [INFO] LogOutputStream:77 - [STDOUT_REDIRECT] 
2025-07-22 15:48:25,404 [INFO] ApplicationProperties:184 - Using Application install path: C:\ST\STM32CubeIDE_1.18.0\STM32CubeIDE\plugins\com.st.stm32cube.common.mx_6.14.0.202502271554
2025-07-22 15:48:25,423 [INFO] DbMcusXml:78 - Set database path to: C:\ST\STM32CubeIDE_1.18.0\STM32CubeIDE\plugins\com.st.stm32cube.common.mx_6.14.0.202502271554\\db\/mcu/
2025-07-22 15:48:25,423 [INFO] ApiDb:274 - Set plugin database path to: C:\ST\STM32CubeIDE_1.18.0\STM32CubeIDE\plugins\com.st.stm32cube.common.mx_6.14.0.202502271554\\db\/plugins/boardmanager/
2025-07-22 15:48:25,425 [WARN] ApiDb:259 - Overriding images path with different value:  => C:\ST\STM32CubeIDE_1.18.0\STM32CubeIDE\plugins\com.st.stm32cube.common.mx_6.14.0.202502271554\\db\/plugins/mcufinder/images/
2025-07-22 15:48:25,430 [INFO] ApiDb:250 - Set database path to: C:\Users\14005\.stmcufinder\plugins\mcufinder//mcu/
2025-07-22 15:48:25,432 [INFO] DbMcusAds:125 - Set database path to: C:\Users\14005\.stmcufinder\plugins\mcufinder//mcu/
2025-07-22 15:48:25,434 [INFO] CrossReferenceDbSqlite:203 - Set database path to: C:\Users\14005\.stmcufinder\plugins\mcufinder//mcu/cs/
2025-07-22 15:48:25,580 [INFO] RulesReader:64 - Compatibility file has been processed (301 Rules)
2025-07-22 15:48:25,719 [INFO] DbMcusXml:78 - Set database path to: C:\ST\STM32CubeIDE_1.18.0\STM32CubeIDE\plugins\com.st.stm32cube.common.mx_6.14.0.202502271554\\db\/mcu/
2025-07-22 15:48:25,720 [INFO] ApiDb:274 - Set plugin database path to: C:\ST\STM32CubeIDE_1.18.0\STM32CubeIDE\plugins\com.st.stm32cube.common.mx_6.14.0.202502271554\\db\/plugins/boardmanager/
2025-07-22 15:48:25,720 [INFO] ApiDb:261 - Set plugin images path to: C:\ST\STM32CubeIDE_1.18.0\STM32CubeIDE\plugins\com.st.stm32cube.common.mx_6.14.0.202502271554\\db\/plugins/mcufinder/images/
2025-07-22 15:48:25,720 [WARN] DbFile:41 - Overriding database path with different value: C:\Users\14005\.stmcufinder\plugins\mcufinder/ => C:\Users\14005\.stmcufinder\plugins\mcufinder
2025-07-22 15:48:25,720 [INFO] ApiDb:250 - Set database path to: C:\Users\14005\.stmcufinder\plugins\mcufinder//mcu/
2025-07-22 15:48:25,721 [WARN] DbFile:41 - Overriding database path with different value: C:\Users\14005\.stmcufinder\plugins\mcufinder/ => C:\Users\14005\.stmcufinder\plugins\mcufinder
2025-07-22 15:48:25,721 [INFO] DbMcusAds:125 - Set database path to: C:\Users\14005\.stmcufinder\plugins\mcufinder//mcu/
2025-07-22 15:48:25,721 [WARN] DbFile:41 - Overriding database path with different value: C:\Users\14005\.stmcufinder\plugins\mcufinder/ => C:\Users\14005\.stmcufinder\plugins\mcufinder
2025-07-22 15:48:25,721 [WARN] DbFile:41 - Overriding database path with different value: C:\Users\14005\.stmcufinder\plugins\mcufinder/ => C:\Users\14005\.stmcufinder\plugins\mcufinder
2025-07-22 15:48:25,721 [INFO] CrossReferenceDbSqlite:203 - Set database path to: C:\Users\14005\.stmcufinder\plugins\mcufinder//mcu/cs/
2025-07-22 15:48:25,862 [INFO] MainPanel:272 - HeapMemory: 268435456
2025-07-22 15:48:25,992 [INFO] DbMcusXml:78 - Set database path to: C:\ST\STM32CubeIDE_1.18.0\STM32CubeIDE\plugins\com.st.stm32cube.common.mx_6.14.0.202502271554\\db\/mcu/
2025-07-22 15:48:25,992 [INFO] ApiDb:274 - Set plugin database path to: C:\ST\STM32CubeIDE_1.18.0\STM32CubeIDE\plugins\com.st.stm32cube.common.mx_6.14.0.202502271554\\db\/plugins/boardmanager/
2025-07-22 15:48:25,993 [INFO] ApiDb:261 - Set plugin images path to: C:\ST\STM32CubeIDE_1.18.0\STM32CubeIDE\plugins\com.st.stm32cube.common.mx_6.14.0.202502271554\\db\/plugins/mcufinder/images/
2025-07-22 15:48:25,993 [WARN] DbFile:41 - Overriding database path with different value: C:\Users\14005\.stmcufinder\plugins\mcufinder/ => C:\Users\14005\.stmcufinder\plugins\mcufinder
2025-07-22 15:48:25,994 [INFO] ApiDb:250 - Set database path to: C:\Users\14005\.stmcufinder\plugins\mcufinder//mcu/
2025-07-22 15:48:25,994 [WARN] DbFile:41 - Overriding database path with different value: C:\Users\14005\.stmcufinder\plugins\mcufinder/ => C:\Users\14005\.stmcufinder\plugins\mcufinder
2025-07-22 15:48:25,994 [INFO] DbMcusAds:125 - Set database path to: C:\Users\14005\.stmcufinder\plugins\mcufinder//mcu/
2025-07-22 15:48:25,994 [WARN] DbFile:41 - Overriding database path with different value: C:\Users\14005\.stmcufinder\plugins\mcufinder/ => C:\Users\14005\.stmcufinder\plugins\mcufinder
2025-07-22 15:48:25,994 [WARN] DbFile:41 - Overriding database path with different value: C:\Users\14005\.stmcufinder\plugins\mcufinder/ => C:\Users\14005\.stmcufinder\plugins\mcufinder
2025-07-22 15:48:25,995 [INFO] CrossReferenceDbSqlite:203 - Set database path to: C:\Users\14005\.stmcufinder\plugins\mcufinder//mcu/cs/
2025-07-22 15:48:26,032 [INFO] ApplicationProperties:184 - Using Application install path: C:\ST\STM32CubeIDE_1.18.0\STM32CubeIDE\plugins\com.st.stm32cube.common.mx_6.14.0.202502271554
2025-07-22 15:48:26,034 [INFO] PluginManage:196 - Search for loadable plugins [exclusion list=, ]
2025-07-22 15:48:26,037 [INFO] PluginManage:310 - Check plugin analytics
2025-07-22 15:48:26,390 [INFO] AnalyticsPlugin:253 - Accepted Software Licenses: 
2025-07-22 15:48:26,390 [INFO] AnalyticsPlugin:255 - Accepted CMSIS Pack Licenses: 
2025-07-22 15:48:26,391 [INFO] AnalyticsPlugin:257 - Accepted Firmware Licenses: FW.L4.1.18.0
2025-07-22 15:48:26,399 [INFO] PluginManage:359 - Loaded plugin analytics (category:tool,tabindex:-1)
2025-07-22 15:48:26,401 [INFO] PluginManage:310 - Check plugin cadmodel
2025-07-22 15:48:26,408 [INFO] CADModel:105 - Init CAD model plugin
2025-07-22 15:48:26,409 [INFO] PluginManage:359 - Loaded plugin cadmodel (category:power,tabindex:5)
2025-07-22 15:48:26,410 [INFO] PluginManage:310 - Check plugin clock
2025-07-22 15:48:26,428 [INFO] PluginManage:359 - Loaded plugin clock (category:base,tabindex:2)
2025-07-22 15:48:26,428 [INFO] PluginManage:310 - Check plugin ddr
2025-07-22 15:48:26,435 [INFO] PluginManage:359 - Loaded plugin ddr (category:tool,tabindex:6)
2025-07-22 15:48:26,435 [INFO] PluginManage:310 - Check plugin filemanager
2025-07-22 15:48:26,819 [INFO] PluginManage:359 - Loaded plugin filemanager (category:base,tabindex:10)
2025-07-22 15:48:26,819 [INFO] PluginManage:310 - Check plugin ipmanager
2025-07-22 15:48:26,832 [INFO] PluginManage:359 - Loaded plugin ipmanager (category:base,tabindex:5)
2025-07-22 15:48:26,833 [INFO] PluginManage:310 - Check plugin lpbam
2025-07-22 15:48:26,845 [INFO] PluginManage:359 - Loaded plugin lpbam (category:base,tabindex:0)
2025-07-22 15:48:26,845 [INFO] PluginManage:310 - Check plugin memorymap
2025-07-22 15:48:26,865 [INFO] PluginManage:359 - Loaded plugin memorymap (category:base,tabindex:4)
2025-07-22 15:48:26,865 [INFO] PluginManage:310 - Check plugin pinoutandconfiguration
2025-07-22 15:48:26,874 [INFO] PluginManage:359 - Loaded plugin pinoutandconfiguration (category:base,tabindex:1)
2025-07-22 15:48:26,875 [INFO] PluginManage:310 - Check plugin pinoutconfig
2025-07-22 15:48:26,988 [WARN] SupportedApi:132 - Cannot load RTOS API schema: s4s-elt-must-match.1: The content of 'definitions' must match (annotation?, (simpleType | complexType)?, (unique | key | keyref)*)). A problem was found starting at: attribute.
2025-07-22 15:48:27,173 [INFO] PluginManage:359 - Loaded plugin pinoutconfig (category:base,tabindex:0)
2025-07-22 15:48:27,173 [INFO] PluginManage:310 - Check plugin power
2025-07-22 15:48:27,187 [INFO] PluginManage:359 - Loaded plugin power (category:power,tabindex:4)
2025-07-22 15:48:27,187 [INFO] PluginManage:310 - Check plugin projectmanager
2025-07-22 15:48:27,205 [INFO] PluginManage:359 - Loaded plugin projectmanager (category:projectmanager,tabindex:4)
2025-07-22 15:48:27,206 [INFO] PluginManage:310 - Check plugin rif
2025-07-22 15:48:27,215 [INFO] PluginManage:359 - Loaded plugin rif (category:base,tabindex:3)
2025-07-22 15:48:27,215 [INFO] PluginManage:310 - Check plugin thirdparty
2025-07-22 15:48:27,369 [WARN] IntegrityCheckThread:84 - waiting for thirdparty lock release [integrity check]
2025-07-22 15:48:27,370 [INFO] IntegrityCheckThread:86 - entering critical section [integrity check]
2025-07-22 15:48:27,370 [INFO] PluginManage:359 - Loaded plugin thirdparty (category:base,tabindex:-1)
2025-07-22 15:48:27,370 [INFO] ThirdPartyUpdaterWithRetryManager:70 - Updater plugin not ready yet. [1/15]
2025-07-22 15:48:27,370 [INFO] PluginManage:310 - Check plugin tools
2025-07-22 15:48:27,378 [INFO] PluginManage:359 - Loaded plugin tools (category:base,tabindex:7)
2025-07-22 15:48:27,378 [INFO] PluginManage:310 - Check plugin tutovideos
2025-07-22 15:48:27,550 [INFO] PluginManage:359 - Loaded plugin tutovideos (category:base,tabindex:-1)
2025-07-22 15:48:27,550 [INFO] PluginManage:310 - Check plugin updater
2025-07-22 15:48:27,571 [INFO] PluginManage:359 - Loaded plugin updater (category:base,tabindex:12)
2025-07-22 15:48:27,572 [INFO] PluginManage:310 - Check plugin userauth
2025-07-22 15:48:27,576 [INFO] UserAuth:118 - Init User Auth plugin
2025-07-22 15:48:27,578 [INFO] PluginManage:359 - Loaded plugin userauth (category:base,tabindex:14)
2025-07-22 15:48:27,578 [INFO] PluginManage:283 - PluginManage : Loaded plugins [18]
2025-07-22 15:48:27,856 [INFO] PinOutPanel:1589 - setPackage(No Configuration,No Configuration)
2025-07-22 15:48:27,981 [INFO] CADModel:165 - CPN selected for project level
2025-07-22 15:48:27,982 [INFO] CADModel:114 - Register for checkConnection events
2025-07-22 15:48:28,004 [INFO] IPUIPlugin:80 - create IPUIPlugin
2025-07-22 15:48:28,004 [INFO] PluginManager:220 - loadIPPluginJar : add adc
2025-07-22 15:48:28,007 [INFO] IPUIPlugin:80 - create IPUIPlugin
2025-07-22 15:48:28,008 [INFO] PluginManager:220 - loadIPPluginJar : add aes
2025-07-22 15:48:28,012 [INFO] IPUIPlugin:80 - create IPUIPlugin
2025-07-22 15:48:28,012 [INFO] PluginManager:220 - loadIPPluginJar : add can
2025-07-22 15:48:28,014 [INFO] IPUIPlugin:80 - create IPUIPlugin
2025-07-22 15:48:28,014 [INFO] PluginManager:220 - loadIPPluginJar : add comp
2025-07-22 15:48:28,017 [INFO] IPUIPlugin:80 - create IPUIPlugin
2025-07-22 15:48:28,017 [INFO] PluginManager:220 - loadIPPluginJar : add cryp
2025-07-22 15:48:28,020 [INFO] IPUIPlugin:80 - create IPUIPlugin
2025-07-22 15:48:28,020 [INFO] PluginManager:220 - loadIPPluginJar : add ddr_ctrl_phy
2025-07-22 15:48:28,023 [INFO] IPUIPlugin:80 - create IPUIPlugin
2025-07-22 15:48:28,023 [INFO] PluginManager:220 - loadIPPluginJar : add dfsdm
2025-07-22 15:48:28,030 [INFO] IPUIPlugin:80 - create IPUIPlugin
2025-07-22 15:48:28,031 [INFO] PluginManager:220 - loadIPPluginJar : add dma
2025-07-22 15:48:28,034 [INFO] IPUIPlugin:80 - create IPUIPlugin
2025-07-22 15:48:28,034 [INFO] PluginManager:220 - loadIPPluginJar : add dma3
2025-07-22 15:48:28,037 [INFO] IPUIPlugin:80 - create IPUIPlugin
2025-07-22 15:48:28,038 [INFO] PluginManager:220 - loadIPPluginJar : add extmemmanager
2025-07-22 15:48:28,040 [INFO] IPUIPlugin:80 - create IPUIPlugin
2025-07-22 15:48:28,040 [INFO] PluginManager:220 - loadIPPluginJar : add fatfs
2025-07-22 15:48:28,046 [INFO] IPUIPlugin:80 - create IPUIPlugin
2025-07-22 15:48:28,046 [INFO] PluginManager:220 - loadIPPluginJar : add fmc
2025-07-22 15:48:28,052 [INFO] IPUIPlugin:80 - create IPUIPlugin
2025-07-22 15:48:28,052 [INFO] PluginManager:220 - loadIPPluginJar : add freertos
2025-07-22 15:48:28,054 [INFO] IPUIPlugin:80 - create IPUIPlugin
2025-07-22 15:48:28,054 [INFO] PluginManager:220 - loadIPPluginJar : add genericplugin
2025-07-22 15:48:28,057 [INFO] IPUIPlugin:80 - create IPUIPlugin
2025-07-22 15:48:28,057 [INFO] PluginManager:220 - loadIPPluginJar : add gfxmmu
2025-07-22 15:48:28,066 [INFO] IPUIPlugin:80 - create IPUIPlugin
2025-07-22 15:48:28,066 [INFO] PluginManager:220 - loadIPPluginJar : add gic
2025-07-22 15:48:28,071 [INFO] IPUIPlugin:80 - create IPUIPlugin
2025-07-22 15:48:28,071 [INFO] PluginManager:220 - loadIPPluginJar : add gpio
2025-07-22 15:48:28,076 [INFO] IPUIPlugin:80 - create IPUIPlugin
2025-07-22 15:48:28,076 [INFO] PluginManager:220 - loadIPPluginJar : add gtzc
2025-07-22 15:48:28,079 [INFO] IPUIPlugin:80 - create IPUIPlugin
2025-07-22 15:48:28,080 [INFO] PluginManager:220 - loadIPPluginJar : add hash
2025-07-22 15:48:28,083 [INFO] IPUIPlugin:80 - create IPUIPlugin
2025-07-22 15:48:28,083 [INFO] PluginManager:220 - loadIPPluginJar : add i2c
2025-07-22 15:48:28,086 [INFO] IPUIPlugin:80 - create IPUIPlugin
2025-07-22 15:48:28,087 [INFO] PluginManager:220 - loadIPPluginJar : add i2s
2025-07-22 15:48:28,090 [INFO] IPUIPlugin:80 - create IPUIPlugin
2025-07-22 15:48:28,090 [INFO] PluginManager:220 - loadIPPluginJar : add i3c
2025-07-22 15:48:28,095 [INFO] IPUIPlugin:80 - create IPUIPlugin
2025-07-22 15:48:28,095 [INFO] PluginManager:220 - loadIPPluginJar : add ipddr
2025-07-22 15:48:28,103 [INFO] IPUIPlugin:80 - create IPUIPlugin
2025-07-22 15:48:28,103 [INFO] PluginManager:220 - loadIPPluginJar : add linkedlist
2025-07-22 15:48:28,109 [INFO] IPUIPlugin:80 - create IPUIPlugin
2025-07-22 15:48:28,109 [INFO] PluginManager:220 - loadIPPluginJar : add lorawan
2025-07-22 15:48:28,112 [INFO] IPUIPlugin:80 - create IPUIPlugin
2025-07-22 15:48:28,112 [INFO] PluginManager:220 - loadIPPluginJar : add ltdc
2025-07-22 15:48:28,119 [INFO] IPUIPlugin:80 - create IPUIPlugin
2025-07-22 15:48:28,119 [INFO] PluginManager:220 - loadIPPluginJar : add mdma
2025-07-22 15:48:28,123 [INFO] IPUIPlugin:80 - create IPUIPlugin
2025-07-22 15:48:28,123 [INFO] PluginManager:220 - loadIPPluginJar : add nvic
2025-07-22 15:48:28,129 [INFO] IPUIPlugin:80 - create IPUIPlugin
2025-07-22 15:48:28,129 [INFO] PluginManager:220 - loadIPPluginJar : add opamp
2025-07-22 15:48:28,133 [INFO] IPUIPlugin:80 - create IPUIPlugin
2025-07-22 15:48:28,134 [INFO] PluginManager:220 - loadIPPluginJar : add openamp
2025-07-22 15:48:28,138 [INFO] IPUIPlugin:80 - create IPUIPlugin
2025-07-22 15:48:28,138 [INFO] PluginManager:220 - loadIPPluginJar : add pdm2pcm
2025-07-22 15:48:28,148 [INFO] IPUIPlugin:80 - create IPUIPlugin
2025-07-22 15:48:28,154 [INFO] PluginManager:220 - loadIPPluginJar : add plateformsettings
2025-07-22 15:48:28,157 [INFO] IPUIPlugin:80 - create IPUIPlugin
2025-07-22 15:48:28,157 [INFO] PluginManager:220 - loadIPPluginJar : add quadspi
2025-07-22 15:48:28,161 [INFO] IPUIPlugin:80 - create IPUIPlugin
2025-07-22 15:48:28,162 [INFO] PluginManager:220 - loadIPPluginJar : add radio
2025-07-22 15:48:28,168 [INFO] IPUIPlugin:80 - create IPUIPlugin
2025-07-22 15:48:28,168 [INFO] PluginManager:220 - loadIPPluginJar : add resmgrutility
2025-07-22 15:48:28,172 [INFO] IPUIPlugin:80 - create IPUIPlugin
2025-07-22 15:48:28,172 [INFO] PluginManager:220 - loadIPPluginJar : add sai
2025-07-22 15:48:28,177 [INFO] IPUIPlugin:80 - create IPUIPlugin
2025-07-22 15:48:28,177 [INFO] PluginManager:220 - loadIPPluginJar : add spi
2025-07-22 15:48:28,187 [INFO] IPUIPlugin:80 - create IPUIPlugin
2025-07-22 15:48:28,187 [INFO] PluginManager:220 - loadIPPluginJar : add stm32_wpan
2025-07-22 15:48:28,190 [INFO] IPUIPlugin:80 - create IPUIPlugin
2025-07-22 15:48:28,191 [INFO] PluginManager:220 - loadIPPluginJar : add tim
2025-07-22 15:48:28,197 [INFO] IPUIPlugin:80 - create IPUIPlugin
2025-07-22 15:48:28,198 [INFO] PluginManager:220 - loadIPPluginJar : add touchsensing
2025-07-22 15:48:28,201 [INFO] IPUIPlugin:80 - create IPUIPlugin
2025-07-22 15:48:28,202 [INFO] PluginManager:220 - loadIPPluginJar : add tracer_emb
2025-07-22 15:48:28,206 [INFO] IPUIPlugin:80 - create IPUIPlugin
2025-07-22 15:48:28,206 [INFO] PluginManager:220 - loadIPPluginJar : add ts
2025-07-22 15:48:28,210 [INFO] IPUIPlugin:80 - create IPUIPlugin
2025-07-22 15:48:28,210 [INFO] PluginManager:220 - loadIPPluginJar : add tsc
2025-07-22 15:48:28,214 [INFO] IPUIPlugin:80 - create IPUIPlugin
2025-07-22 15:48:28,214 [INFO] PluginManager:220 - loadIPPluginJar : add ucpd
2025-07-22 15:48:28,219 [INFO] IPUIPlugin:80 - create IPUIPlugin
2025-07-22 15:48:28,220 [INFO] PluginManager:220 - loadIPPluginJar : add usart
2025-07-22 15:48:28,226 [INFO] IPUIPlugin:80 - create IPUIPlugin
2025-07-22 15:48:28,227 [INFO] PluginManager:220 - loadIPPluginJar : add usbx
2025-07-22 15:48:28,400 [FATAL] Updater:351 - Updater called before beeing initialized
2025-07-22 15:48:28,433 [INFO] RulesReader:64 - Compatibility file has been processed (301 Rules)
2025-07-22 15:48:28,449 [INFO] RulesReader:64 - Compatibility file has been processed (301 Rules)
2025-07-22 15:48:28,462 [INFO] CADModel:165 - CPN selected for project level
2025-07-22 15:48:28,462 [INFO] CADModel:114 - Register for checkConnection events
2025-07-22 15:48:28,463 [FATAL] Updater:351 - Updater called before beeing initialized
2025-07-22 15:48:28,463 [ERROR] CADModel:125 - Updater not yet initialized, retry later 
2025-07-22 15:48:28,698 [FATAL] Updater:351 - Updater called before beeing initialized
2025-07-22 15:48:28,702 [INFO] CADModel:165 - CPN selected for project level
2025-07-22 15:48:28,702 [INFO] CADModel:114 - Register for checkConnection events
2025-07-22 15:48:28,702 [FATAL] Updater:351 - Updater called before beeing initialized
2025-07-22 15:48:28,702 [ERROR] CADModel:125 - Updater not yet initialized, retry later 
2025-07-22 15:48:28,706 [FATAL] Updater:351 - Updater called before beeing initialized
2025-07-22 15:48:28,960 [FATAL] Updater:351 - Updater called before beeing initialized
2025-07-22 15:48:28,974 [INFO] DbMcusAds:53 - JSON generation date=Tue Jul 08 03:14:23 CDT 2025 (1751962463582)
2025-07-22 15:48:28,975 [FATAL] Updater:351 - Updater called before beeing initialized
2025-07-22 15:48:29,044 [WARN] DetailPanel:346 - Failed to get advertising image, set to default
2025-07-22 15:48:29,497 [FATAL] Updater:351 - Updater called before beeing initialized
2025-07-22 15:48:29,500 [FATAL] Updater:351 - Updater called before beeing initialized
2025-07-22 15:48:29,500 [FATAL] Updater:351 - Updater called before beeing initialized
2025-07-22 15:48:29,500 [WARN] DetailPanel:346 - Failed to get advertising image, set to default
2025-07-22 15:48:29,501 [FATAL] Updater:351 - Updater called before beeing initialized
2025-07-22 15:48:29,602 [ERROR] Updater:1198 - MainUpdater not yet initialized. External WinMGr cannot be set.
2025-07-22 15:48:29,606 [INFO] Updater:1134 - Updater Version found : 6.14.0
2025-07-22 15:48:29,637 [INFO] ApplicationProperties:184 - Using Application install path: C:\ST\STM32CubeIDE_1.18.0\STM32CubeIDE\plugins\com.st.stm32cube.common.mx_6.14.0.202502271554
2025-07-22 15:48:30,372 [INFO] ThirdPartyUpdaterWithRetryManager:70 - Updater plugin not ready yet. [2/15]
2025-07-22 15:48:31,214 [ERROR] LogOutputStream:75 - [STDERR_REDIRECT] Jul 22, 2025 3:48:31 PM java.util.prefs.WindowsPreferences <init>
2025-07-22 15:48:31,216 [ERROR] LogOutputStream:75 - [STDERR_REDIRECT] WARNING: Could not open/create prefs root node Software\JavaSoft\Prefs at root 0xffffffff80000002. Windows RegCreateKeyEx(...) returned error code 5.
2025-07-22 15:48:31,216 [ERROR] LogOutputStream:75 - [STDERR_REDIRECT] 
2025-07-22 15:48:31,549 [INFO] MainUpdater:2872 - connection check result : 10
2025-07-22 15:48:31,550 [INFO] MainUpdater:289 - Updater Check For Update Now.
2025-07-22 15:48:31,550 [INFO] MicroXplorer:498 - Change Database Version : DB.6.0.140
2025-07-22 15:48:31,560 [INFO] McuFinderGlobals:63 - Set McuFinder mode to 2 (CubeIDE integrated)
2025-07-22 15:48:31,561 [INFO] UserAuth:486 - Internet connection configuration mode: 1
2025-07-22 15:48:31,589 [INFO] JxBrowserEngine:152 - Initiate JxBrowser Engine with user profile folder
2025-07-22 15:48:31,753 [INFO] CheckServerUpdateThread:120 - End of CheckServer Thread
2025-07-22 15:48:32,578 [INFO] WebApp:169 - Instantiating new browser for Auth
2025-07-22 15:48:33,767 [INFO] WebApp:463 - Apply proxy settings
2025-07-22 15:48:33,767 [INFO] WebApp:548 - Chromium requires no authentication
2025-07-22 15:48:33,783 [INFO] WebApp:491 - Direct internet connection detected
2025-07-22 15:48:33,834 [INFO] WebApp:894 - Register for checkConnection events
2025-07-22 15:48:33,834 [INFO] WebApp:463 - Apply proxy settings
2025-07-22 15:48:33,834 [INFO] WebApp:548 - Chromium requires no authentication
2025-07-22 15:48:33,835 [INFO] WebApp:491 - Direct internet connection detected
2025-07-22 15:48:33,949 [WARN] PackLoader:240 - Cannot read IP mode file for STMicroelectronics.FP-SNS-MOTENVWB1.1.4.0
2025-07-22 15:48:33,976 [WARN] PackLoader:240 - Cannot read IP mode file for STMicroelectronics.FP-ATR-ASTRA1.2.0.2
2025-07-22 15:48:34,011 [WARN] PackLoader:240 - Cannot read IP mode file for STMicroelectronics.X-CUBE-SMBUS.2.1.0
2025-07-22 15:48:34,032 [WARN] PackLoader:240 - Cannot read IP mode file for STMicroelectronics.X-CUBE-WB05N.1.1.0
2025-07-22 15:48:34,045 [WARN] PackLoader:240 - Cannot read IP mode file for STMicroelectronics.X-CUBE-ST60.1.0.0
2025-07-22 15:48:34,168 [WARN] PackLoader:240 - Cannot read IP mode file for STMicroelectronics.X-CUBE-AZRTOS-F7.1.1.0
2025-07-22 15:48:34,193 [WARN] PackLoader:240 - Cannot read IP mode file for STMicroelectronics.FP-SNS-FLIGHT1.5.0.2
2025-07-22 15:48:34,273 [WARN] PackLoader:240 - Cannot read IP mode file for Infineon.AIROC-Wi-Fi-Bluetooth-STM32.1.7.0
2025-07-22 15:48:34,355 [WARN] PackLoader:240 - Cannot read IP mode file for STMicroelectronics.X-CUBE-AZRTOS-H7.3.4.0
2025-07-22 15:48:34,364 [INFO] WebApp:191 - Connection restablished
2025-07-22 15:48:34,384 [WARN] PackLoader:240 - Cannot read IP mode file for STMicroelectronics.X-CUBE-DISPLAY.3.0.0
2025-07-22 15:48:34,428 [WARN] PackLoader:240 - Cannot read IP mode file for STMicroelectronics.X-CUBE-NFC10.1.0.0
2025-07-22 15:48:34,452 [WARN] PackLoader:240 - Cannot read IP mode file for STMicroelectronics.X-CUBE-BLEMGR.4.0.0
2025-07-22 15:48:34,475 [WARN] PackLoader:240 - Cannot read IP mode file for emotas.I-CUBE-CANOPEN.1.3.0
2025-07-22 15:48:34,484 [WARN] PackLoader:240 - Cannot read IP mode file for STMicroelectronics.X-CUBE-AI.10.0.0
2025-07-22 15:48:34,494 [WARN] PackLoader:240 - Cannot read IP mode file for STMicroelectronics.FP-SNS-SMARTAG2.1.2.0
2025-07-22 15:48:34,502 [WARN] PackLoader:240 - Cannot read IP mode file for STMicroelectronics.FP-SNS-FLIGHT1.5.1.0
2025-07-22 15:48:34,619 [WARN] PackLoader:240 - Cannot read IP mode file for STMicroelectronics.X-CUBE-MEMS1.11.1.0
2025-07-22 15:48:34,958 [INFO] WebApp:225 - Starting web application
2025-07-22 15:48:34,959 [INFO] WebApp:593 - Web application path used C:\ST\STM32CubeIDE_1.18.0\STM32CubeIDE\plugins\com.st.stm32cube.common.mx_6.14.0.202502271554\db\plugins\mcufinder\reactClient1\index.html
2025-07-22 15:48:34,990 [INFO] LogOutputStream:77 - [STDOUT_REDIRECT] 1 : Invalid condition id : UX_CORESTACK_Condition cause : null
2025-07-22 15:48:34,991 [INFO] LogOutputStream:77 - [STDOUT_REDIRECT] 1 : Invalid condition id : UX_CORESTACK_Condition cause : null
2025-07-22 15:48:34,996 [INFO] LogOutputStream:77 - [STDOUT_REDIRECT] 1 : Invalid condition id : UX_CORESTACK_Condition cause : null
2025-07-22 15:48:35,000 [INFO] LogOutputStream:77 - [STDOUT_REDIRECT] 1 : Invalid condition id : UX_CORESTACK_Condition cause : null
2025-07-22 15:48:35,003 [INFO] LogOutputStream:77 - [STDOUT_REDIRECT] 1 : Invalid condition id : UX_CORESTACK_Condition cause : null
2025-07-22 15:48:35,010 [WARN] PackLoader:240 - Cannot read IP mode file for STMicroelectronics.X-CUBE-AZRTOS-WL.2.0.0
2025-07-22 15:48:35,024 [WARN] PackLoader:240 - Cannot read IP mode file for STMicroelectronics.FP-SNS-MOTENV1.5.0.0
2025-07-22 15:48:35,044 [WARN] PackLoader:240 - Cannot read IP mode file for WES.I-CUBE-Cesium.1.3.0
2025-07-22 15:48:35,066 [WARN] PackLoader:240 - Cannot read IP mode file for STMicroelectronics.X-CUBE-BLE2.3.3.0
2025-07-22 15:48:35,083 [WARN] PackLoader:240 - Cannot read IP mode file for STMicroelectronics.X-CUBE-NFC9.1.0.0
2025-07-22 15:48:35,112 [WARN] PackLoader:240 - Cannot read IP mode file for STMicroelectronics.X-CUBE-BLE1.7.1.0
2025-07-22 15:48:35,121 [WARN] PackLoader:240 - Cannot read IP mode file for wolfSSL.I-CUBE-wolfMQTT.1.19.2
2025-07-22 15:48:35,133 [WARN] PackLoader:240 - Cannot read IP mode file for STMicroelectronics.X-CUBE-EEPRMA1.5.2.0
2025-07-22 15:48:35,145 [WARN] PackLoader:240 - Cannot read IP mode file for STMicroelectronics.X-CUBE-AI.10.1.0
2025-07-22 15:48:35,293 [WARN] PackLoader:240 - Cannot read IP mode file for STMicroelectronics.X-CUBE-MEMS1.11.2.0
2025-07-22 15:48:35,603 [WARN] PackLoader:240 - Cannot read IP mode file for STMicroelectronics.X-CUBE-AZRTOS-G0.1.1.0
2025-07-22 15:48:35,628 [WARN] PackLoader:240 - Cannot read IP mode file for STMicroelectronics.X-CUBE-SAFEA1.1.2.2
2025-07-22 15:48:35,641 [WARN] PackLoader:240 - Cannot read IP mode file for STMicroelectronics.X-CUBE-NFC4.3.0.0
2025-07-22 15:48:35,662 [WARN] PackLoader:240 - Cannot read IP mode file for EmbeddedOffice.I-CUBE-FS-RTOS.1.0.1
2025-07-22 15:48:35,675 [WARN] PackLoader:240 - Cannot read IP mode file for STMicroelectronics.X-CUBE-WB05N.2.0.0
2025-07-22 15:48:35,699 [WARN] PackLoader:240 - Cannot read IP mode file for wolfSSL.I-CUBE-wolfTPM.3.8.0
2025-07-22 15:48:35,711 [WARN] PackLoader:240 - Cannot read IP mode file for STMicroelectronics.X-CUBE-TCPP.4.2.0
2025-07-22 15:48:35,725 [WARN] PackLoader:240 - Cannot read IP mode file for RealThread.X-CUBE-RT-Thread_Nano.4.1.1
2025-07-22 15:48:35,733 [WARN] PackLoader:240 - Cannot read IP mode file for STMicroelectronics.FP-ATR-SIGFOX1.3.2.0
2025-07-22 15:48:35,742 [WARN] ConditionMgr:438 - getConditionDescription Invalid condition id : Cortex-A Device cause : null
2025-07-22 15:48:35,773 [WARN] ConditionMgr:1044 - genDependencies : Invalid condition id : Cortex-A Device cause : null
2025-07-22 15:48:35,774 [WARN] ConditionMgr:1044 - genDependencies : Invalid condition id : Cortex-A Device cause : null
2025-07-22 15:48:35,774 [WARN] ConditionMgr:1044 - genDependencies : Invalid condition id : Cortex-A Device cause : null
2025-07-22 15:48:35,789 [WARN] PackLoader:240 - Cannot read IP mode file for STMicroelectronics.X-CUBE-EEPRMA1.5.1.0
2025-07-22 15:48:35,800 [WARN] PackLoader:240 - Cannot read IP mode file for wolfSSL.I-CUBE-wolfSSL.5.7.6
2025-07-22 15:48:35,812 [WARN] PackLoader:240 - Cannot read IP mode file for ITTIA_DB.I-CUBE-ITTIADB.8.9.0
2025-07-22 15:48:35,825 [WARN] PackLoader:240 - Cannot read IP mode file for STMicroelectronics.X-CUBE-ST67W61.1.0.0
2025-07-22 15:48:35,845 [INFO] UserAuth:486 - Internet connection configuration mode: 1
2025-07-22 15:48:35,882 [WARN] PackLoader:240 - Cannot read IP mode file for SEGGER.I-CUBE-embOS.1.3.1
2025-07-22 15:48:35,979 [WARN] PackLoader:240 - Cannot read IP mode file for STMicroelectronics.X-CUBE-ALGOBUILD.1.4.0
2025-07-22 15:48:36,094 [WARN] PackLoader:240 - Cannot read IP mode file for STMicroelectronics.X-CUBE-MEMS1.11.3.0
2025-07-22 15:48:36,392 [WARN] PackLoader:240 - Cannot read IP mode file for STMicroelectronics.X-CUBE-PM33A1.1.0.0
2025-07-22 15:48:36,424 [WARN] PackLoader:240 - Cannot read IP mode file for STMicroelectronics.X-CUBE-AZRTOS-F4.1.1.0
2025-07-22 15:48:36,437 [WARN] PackLoader:240 - Cannot read IP mode file for Avnet-IotConnect.X-CUBE-IoTC-DA16k-PMOD.1.0.0
2025-07-22 15:48:36,444 [WARN] PackLoader:240 - Cannot read IP mode file for STMicroelectronics.X-CUBE-ISPU.2.1.0
2025-07-22 15:48:36,459 [WARN] PackLoader:240 - Cannot read IP mode file for STMicroelectronics.X-CUBE-NFC12.1.0.0
2025-07-22 15:48:36,494 [WARN] PackLoader:240 - Cannot read IP mode file for STMicroelectronics.X-CUBE-AZRTOS-L5.2.0.0
2025-07-22 15:48:36,515 [WARN] PackLoader:240 - Cannot read IP mode file for STMicroelectronics.X-CUBE-NFC6.3.1.0
2025-07-22 15:48:36,529 [WARN] PackLoader:240 - Cannot read IP mode file for STMicroelectronics.X-CUBE-DPower.1.2.0
2025-07-22 15:48:36,539 [WARN] PackLoader:240 - Cannot read IP mode file for STMicroelectronics.X-CUBE-FREERTOS.1.3.1
2025-07-22 15:48:36,546 [WARN] PackLoader:240 - Cannot read IP mode file for STMicroelectronics.X-CUBE-FREERTOS.1.3.0
2025-07-22 15:48:36,556 [WARN] PackLoader:240 - Cannot read IP mode file for STMicroelectronics.X-CUBE-NFC7.1.0.1
2025-07-22 15:48:36,567 [WARN] PackLoader:240 - Cannot read IP mode file for STMicroelectronics.FP-SNS-STAIOTCFT.1.0.0
2025-07-22 15:48:36,575 [WARN] PackLoader:240 - Cannot read IP mode file for STMicroelectronics.X-CUBE-DPower.1.3.0
2025-07-22 15:48:36,602 [WARN] ConditionMgr:438 - getConditionDescription Invalid condition id : LAN8742 Phy interface Condition cause : null
2025-07-22 15:48:36,604 [WARN] PackLoader:240 - Cannot read IP mode file for STMicroelectronics.X-CUBE-AZRTOS-L4.2.0.0
2025-07-22 15:48:36,606 [WARN] ConditionMgr:1044 - genDependencies : Invalid condition id : LAN8742 Phy interface Condition cause : null
2025-07-22 15:48:36,607 [WARN] ConditionMgr:1044 - genDependencies : Invalid condition id : LAN8742 Phy interface Condition cause : null
2025-07-22 15:48:36,608 [WARN] ConditionMgr:1044 - genDependencies : Invalid condition id : LAN8742 Phy interface Condition cause : null
2025-07-22 15:48:36,623 [WARN] PackLoader:240 - Cannot read IP mode file for STMicroelectronics.X-CUBE-SFXS2LP1.4.0.0
2025-07-22 15:48:36,655 [WARN] PackLoader:240 - Cannot read IP mode file for STMicroelectronics.X-CUBE-AZRTOS-H7.3.3.0
2025-07-22 15:48:36,690 [WARN] PackLoader:240 - Cannot read IP mode file for STMicroelectronics.X-CUBE-BLEMGR.4.1.0
2025-07-22 15:48:36,728 [WARN] ConditionMgr:438 - getConditionDescription Invalid condition id : UX DEVICE CLASS RTOS Condition cause : null
2025-07-22 15:48:36,729 [WARN] ConditionMgr:438 - getConditionDescription Invalid condition id : UX DEVICE CLASS RTOS Condition cause : null
2025-07-22 15:48:36,735 [WARN] PackLoader:240 - Cannot read IP mode file for STMicroelectronics.X-CUBE-AZRTOS-WB.2.0.0
2025-07-22 15:48:36,736 [WARN] ConditionMgr:1044 - genDependencies : Invalid condition id : UX DEVICE CLASS RTOS Condition cause : null
2025-07-22 15:48:36,736 [WARN] ConditionMgr:1044 - genDependencies : Invalid condition id : UX DEVICE CLASS RTOS Condition cause : null
2025-07-22 15:48:36,737 [WARN] ConditionMgr:1044 - genDependencies : Invalid condition id : UX DEVICE CLASS RTOS Condition cause : null
2025-07-22 15:48:36,738 [WARN] ConditionMgr:1044 - genDependencies : Invalid condition id : UX DEVICE CLASS RTOS Condition cause : null
2025-07-22 15:48:36,738 [WARN] ConditionMgr:1044 - genDependencies : Invalid condition id : UX DEVICE CLASS RTOS Condition cause : null
2025-07-22 15:48:36,751 [WARN] PackLoader:240 - Cannot read IP mode file for STMicroelectronics.X-CUBE-GNSS1.7.0.1
2025-07-22 15:48:36,769 [WARN] PackLoader:240 - Cannot read IP mode file for STMicroelectronics.X-CUBE-TOUCHGFX.4.25.0
2025-07-22 15:48:36,782 [WARN] PackLoader:240 - Cannot read IP mode file for STMicroelectronics.FP-SNS-STBOX1.2.0.0
2025-07-22 15:48:36,810 [WARN] PackLoader:240 - Cannot read IP mode file for STMicroelectronics.X-CUBE-SUBG2.5.0.0
2025-07-22 15:48:36,896 [WARN] PackLoader:240 - Cannot read IP mode file for STMicroelectronics.X-CUBE-AZRTOS-H7RS.1.1.0
2025-07-22 15:48:36,959 [WARN] PackLoader:240 - Cannot read IP mode file for Cesanta.I-CUBE-Mongoose.7.13.0
2025-07-22 15:48:36,997 [WARN] PackLoader:240 - Cannot read IP mode file for STMicroelectronics.X-CUBE-AZRTOS-G4.2.0.0
2025-07-22 15:48:37,009 [WARN] PackLoader:240 - Cannot read IP mode file for wolfSSL.I-CUBE-wolfSSH.1.4.20
2025-07-22 15:48:37,017 [WARN] PackLoader:240 - Cannot read IP mode file for STMicroelectronics.X-CUBE-NFC7.2.0.0
2025-07-22 15:48:37,043 [WARN] PackLoader:240 - Cannot read IP mode file for STMicroelectronics.X-CUBE-IPS.3.1.0
2025-07-22 15:48:37,062 [WARN] PackLoader:240 - Cannot read IP mode file for STMicroelectronics.X-CUBE-ALS.1.0.2
2025-07-22 15:48:37,069 [WARN] PackLoader:240 - Cannot read IP mode file for STMicroelectronics.X-CUBE-TOUCHGFX.4.24.2
2025-07-22 15:48:37,082 [WARN] PackLoader:240 - Cannot read IP mode file for portGmbH.I-Cube-SoM-uGOAL.1.1.0
2025-07-22 15:48:37,112 [WARN] PackLoader:240 - Cannot read IP mode file for STMicroelectronics.X-CUBE-AZRTOS-H7RS.1.0.0
2025-07-22 15:48:37,128 [WARN] PackLoader:240 - Cannot read IP mode file for STMicroelectronics.X-CUBE-TOF1.3.4.2
2025-07-22 15:48:37,155 [WARN] PackLoader:240 - Cannot read IP mode file for STMicroelectronics.X-CUBE-TOF1.3.4.3
2025-07-22 15:48:37,168 [INFO] ThirdParty:978 - Integrity check success = true
2025-07-22 15:48:37,168 [INFO] IntegrityCheckThread:100 - exiting critical section [integrity check]
2025-07-22 15:48:37,169 [INFO] IntegrityCheckThread:103 - End integrity checks thread
2025-07-22 15:48:42,620 [ERROR] LogOutputStream:75 - [STDERR_REDIRECT] 
